{
  "stats": {
    "suites": 1,
    "tests": 1,
    "passes": 1,
    "pending": 0,
    "failures": 0,
    "start": "2022-06-15T22:14:24.255Z",
    "end": "2022-06-15T22:14:51.848Z",
    "duration": 27593,
    "testsRegistered": 1,
    "passPercent": 100,
    "pendingPercent": 0,
    "other": 0,
    "hasOther": false,
    "skipped": 0,
    "hasSkipped": false
  },
  "results": [
    {
      "uuid": "83db138f-bbb0-4a07-820c-8a564b0548e6",
      "title": "",
      "fullFile": "cypress\\e2e\\teste-demonstracao\\alura-busca.cy.js",
      "file": "cypress\\e2e\\teste-demonstracao\\alura-busca.cy.js",
      "beforeHooks": [],
      "afterHooks": [],
      "tests": [],
      "suites": [
        {
          "uuid": "23ad24c7-fb08-417a-aac4-1fd9d34c3e80",
          "title": "alura busca cursos",
          "fullFile": "",
          "file": "",
          "beforeHooks": [],
          "afterHooks": [],
          "tests": [
            {
              "title": "buscar curso de java",
              "fullTitle": "alura busca cursos buscar curso de java",
              "timedOut": null,
              "duration": 22781,
              "state": "passed",
              "speed": "slow",
              "pass": true,
              "fail": false,
              "pending": false,
              "context": null,
              "code": "//arange - preparo de ambiente\ncy.get('#header-barraBusca-form-campoBusca').type('java'); //act - ação\ncy.get('.header-barraBusca-form-submit').click(); //assert - confirmação de passo executado\ncy.get('h4.busca-resultado-nome').should('contain', 'Formação Java e Orientação a Objetos');",
              "err": {},
              "uuid": "5b7559f4-cc54-47d0-8f1c-c32f83fe9c23",
              "parentUUID": "23ad24c7-fb08-417a-aac4-1fd9d34c3e80",
              "isHook": false,
              "skipped": false
            }
          ],
          "suites": [],
          "passes": [
            "5b7559f4-cc54-47d0-8f1c-c32f83fe9c23"
          ],
          "failures": [],
          "pending": [],
          "skipped": [],
          "duration": 22781,
          "root": false,
          "rootEmpty": false,
          "_timeout": 2000
        }
      ],
      "passes": [],
      "failures": [],
      "pending": [],
      "skipped": [],
      "duration": 0,
      "root": true,
      "rootEmpty": true,
      "_timeout": 2000
    }
  ],
  "meta": {
    "mocha": {
      "version": "7.0.1"
    },
    "mochawesome": {
      "options": {
        "quiet": false,
        "reportFilename": "mochawesome",
        "saveHtml": true,
        "saveJson": true,
        "consoleReporter": "spec",
        "useInlineDiffs": false,
        "code": true
      },
      "version": "7.1.3"
    },
    "marge": {
      "options": null,
      "version": "6.2.0"
    }
  }
}